[01;34m.[00m
├── [01;34m_Codificador[00m
│   ├── [01;32mcodvector[00m
│   ├── [01;32mcodvector.sh[00m
│   ├── debug.c
│   ├── debug.h
│   ├── main.c
│   ├── main.o
│   ├── Makefile
│   ├── params.c
│   ├── params.h
│   ├── params.o
│   └── params_opt.ggo
├── [01;34m_Descodificador[00m
│   ├── [01;32mdecvector[00m
│   ├── [01;32mdecvector.sh[00m
│   ├── main.c
│   ├── main.o
│   └── Makefile
├── [01;34mDicts[00m
│   └── dic_1024_4x4
├── [01;34mImages[00m
│   ├── [01;35mILikeEI.pgm[00m
│   ├── [01;35mInformatica_e_no_IPL---cartaz.pgm[00m
│   ├── [01;35mtestPatterns_1024.pgm[00m
│   └── [01;34mTraining_pgm[00m
│       └── [01;34mpgm_1024[00m
│           ├── [01;35mman_1024.pgm[00m
│           ├── [01;35mt_airplane_U2_1024.pgm[00m
│           ├── [01;35mt_airport_1024.pgm[00m
│           ├── [01;35mt_pentagon_1024.pgm[00m
│           └── [01;35mt_tileRoof_1024.pgm[00m
├── [01;34mLBG[00m
│   ├── dic_1024_2x2
│   ├── dic_1024_4x4
│   ├── dic_512_2x2
│   ├── dic_512_4x4
│   ├── main.c
│   ├── Makefile
│   ├── [01;32mvecquant[00m
│   └── [01;32mvecquant_1024.sh[00m
├── [01;34mOutputVerifier[00m
│   ├── [01;34mcoded_final[00m
│   │   ├── ILikeEI_dic_1024_4x4.coded
│   │   ├── Informatica_e_no_IPL---cartaz_dic_1024_4x4.coded
│   │   └── testPatterns_1024_dic_1024_4x4.coded
│   └── verifier.sh
├── README.md
├── [01;32mrun[00m
└── tree.out

9 directories, 40 files
